<?xml version="1.0" encoding="UTF-8"?>
<!-- Generated by org.testng.reporters.JUnitReportReporter -->
<testsuite skipped="0" hostname="Pankaj-PC" name="com.fwbpg01.testCondition002.test101" tests="2" failures="0" timestamp="2021-07-22T10:39:50 IST" time="0.005" errors="0">
  <testcase name="Test101B" time="0.000" classname="com.fwbpg01.testCondition002.test101"/>
  <system-out/>
  <testcase name="Test101A" time="0.005" classname="com.fwbpg01.testCondition002.test101"/>
  <system-out/>
</testsuite> <!-- com.fwbpg01.testCondition002.test101 -->
