<?xml version="1.0" encoding="UTF-8"?>
<!-- Generated by org.testng.reporters.JUnitReportReporter -->
<testsuite skipped="0" hostname="Pankaj-PC" name="com.fwbpg01.testCondition001.test001" tests="2" failures="0" timestamp="2021-07-22T10:39:50 IST" time="0.005" errors="0">
  <testcase name="Test001A" time="0.005" classname="com.fwbpg01.testCondition001.test001"/>
  <system-out/>
  <testcase name="Test001B" time="0.000" classname="com.fwbpg01.testCondition001.test001"/>
  <system-out/>
</testsuite> <!-- com.fwbpg01.testCondition001.test001 -->
