<?xml version="1.0" encoding="UTF-8"?>
<!-- Generated by org.testng.reporters.JUnitReportReporter -->
<testsuite skipped="0" hostname="Pankaj-PC" name="com.fwbpg01.testCondition001.test002" tests="2" failures="0" timestamp="2021-07-22T10:39:50 IST" time="0.002" errors="0">
  <testcase name="Test002A" time="0.000" classname="com.fwbpg01.testCondition001.test002"/>
  <system-out/>
  <testcase name="Test002B" time="0.002" classname="com.fwbpg01.testCondition001.test002"/>
  <system-out/>
</testsuite> <!-- com.fwbpg01.testCondition001.test002 -->
