<?xml version="1.0" encoding="UTF-8"?>
<!-- Generated by org.testng.reporters.JUnitReportReporter -->
<testsuite skipped="0" hostname="Pankaj-PC" name="com.flipkart.check.flipkartTEST01" tests="1" failures="0" timestamp="2021-07-23T12:44:08 IST" time="39.055" errors="0">
  <testcase name="checkMobileName" time="39.055" classname="com.flipkart.check.flipkartTEST01"/>
  <system-out/>
</testsuite> <!-- com.flipkart.check.flipkartTEST01 -->
