<?xml version="1.0" encoding="UTF-8"?>
<!-- Generated by org.testng.reporters.JUnitReportReporter -->
<testsuite skipped="0" hostname="Pankaj-PC" name="com.flipkart.check.flipkart" tests="1" failures="0" timestamp="2021-07-22T18:38:16 IST" time="24.171" errors="0">
  <testcase name="checkMobileName" time="24.171" classname="com.flipkart.check.flipkart"/>
  <system-out/>
</testsuite> <!-- com.flipkart.check.flipkart -->
