<?xml version="1.0" encoding="UTF-8"?>
<!-- Generated by org.testng.reporters.JUnitReportReporter -->
<testsuite skipped="0" hostname="Pankaj-PC" name="com.flipkart.check.flipkartTEST01" tests="1" failures="0" timestamp="2021-07-23T18:19:53 IST" time="86.381" errors="0">
  <testcase name="checkMobileName" time="86.381" classname="com.flipkart.check.flipkartTEST01"/>
  <system-out/>
</testsuite> <!-- com.flipkart.check.flipkartTEST01 -->
