<?xml version="1.0" encoding="UTF-8"?>
<!-- Generated by org.testng.reporters.JUnitReportReporter -->
<testsuite skipped="0" hostname="Pankaj-PC" name="com.fwbpg01.testCondition002.test102" tests="2" failures="0" timestamp="2021-07-22T10:38:49 IST" time="0.009" errors="0">
  <testcase name="Test102B" time="0.003" classname="com.fwbpg01.testCondition002.test102"/>
  <system-out/>
  <testcase name="Test102A" time="0.006" classname="com.fwbpg01.testCondition002.test102"/>
  <system-out/>
</testsuite> <!-- com.fwbpg01.testCondition002.test102 -->
