<?xml version="1.0" encoding="UTF-8"?>
<!-- Generated by org.testng.reporters.JUnitReportReporter -->
<testsuite skipped="0" hostname="Pankaj-PC" name="sanityTest" tests="1" failures="0" timestamp="2021-07-22T16:20:38 IST" time="36.763" errors="0">
  <testcase name="SanityTC001" time="36.763" classname="sanityTest"/>
  <system-out/>
</testsuite> <!-- sanityTest -->
