<?xml version="1.0" encoding="UTF-8"?>
<!-- Generated by org.testng.reporters.JUnitReportReporter -->
<testsuite skipped="0" hostname="Pankaj-PC" name="com.fwbpg01.testCondition001.test001" tests="2" failures="0" timestamp="2021-07-22T10:38:49 IST" time="0.017" errors="0">
  <testcase name="Test001B" time="0.002" classname="com.fwbpg01.testCondition001.test001"/>
  <system-out/>
  <testcase name="Test001A" time="0.015" classname="com.fwbpg01.testCondition001.test001"/>
  <system-out/>
</testsuite> <!-- com.fwbpg01.testCondition001.test001 -->
