<?xml version="1.0" encoding="UTF-8"?>
<!-- Generated by org.testng.reporters.JUnitReportReporter -->
<testsuite skipped="0" hostname="Pankaj-PC" name="com.fwbpg01.testCondition001.test002" tests="2" failures="0" timestamp="2021-07-21T14:27:50 IST" time="0.010" errors="0">
  <testcase name="Test002A" time="0.007" classname="com.fwbpg01.testCondition001.test002"/>
  <system-out/>
  <testcase name="Test002B" time="0.003" classname="com.fwbpg01.testCondition001.test002"/>
  <system-out/>
</testsuite> <!-- com.fwbpg01.testCondition001.test002 -->
