<?xml version="1.0" encoding="UTF-8"?>
<!-- Generated by org.testng.reporters.JUnitReportReporter -->
<testsuite skipped="0" hostname="Pankaj-PC" name="com.fwbpg01.sanity.sanityTest" tests="1" failures="0" timestamp="2021-07-22T16:39:29 IST" time="12.424" errors="0">
  <testcase name="SanityTC001" time="12.424" classname="com.fwbpg01.sanity.sanityTest"/>
  <system-out/>
</testsuite> <!-- com.fwbpg01.sanity.sanityTest -->
